#
# A fatal error has been detected by the Java Runtime Environment:
#
#  Internal Error (javaClasses.cpp:129), pid=16101, tid=3060910912
#  fatal error: Invalid layout of preloaded class
#
# JRE version: 7.0_25-b30
# Java VM: OpenJDK Server VM (23.7-b01 mixed mode linux-x86 )
# Failed to write core dump. Core dumps have been disabled. To enable core dumping, try "ulimit -c unlimited" before starting Java again
#
# If you would like to submit a bug report, please include
# instructions on how to reproduce the bug and visit:
#   https://bugs.launchpad.net/ubuntu/+source/openjdk-7/
#

---------------  T H R E A D  ---------------

Current thread (0xb6506c00):  JavaThread "Unknown thread" [_thread_in_vm, id=16106, stack(0xb66cc000,0xb671d000)]

Stack: [0xb66cc000,0xb671d000]
[error occurred during error reporting (printing stack bounds), id 0xb]


[error occurred during error reporting (printing native stack), id 0xb]


---------------  P R O C E S S  ---------------

Java Threads: ( => current thread )

Other Threads:

=>0xb6506c00 (exited) JavaThread "Unknown thread" [_thread_in_vm, id=16106, stack(0xb66cc000,0xb671d000)]

VM state:not at safepoint (not fully initialized)

VM Mutex/Monitor currently owned by a thread: None

GC Heap History (0 events):
No events

Deoptimization events (0 events):
No events

Internal exceptions (0 events):
No events

Events (10 events):
Event: 0.214 loading class 0xb6531b40 done
Event: 0.215 loading class 0xb6531480 done
Event: 0.215 loading class 0xb6531458
Event: 0.215 loading class 0xb6551988
Event: 0.246 loading class 0xb6551988 done
Event: 0.246 loading class 0xb65519c0
Event: 0.246 loading class 0xb65519c0 done
Event: 0.246 loading class 0xb65519f8
Event: 0.246 loading class 0xb65519f8 done
Event: 0.246 loading class 0xb6531458 done


Dynamic libraries:
08048000-08049000 r-xp 00000000 08:05 2788238    /usr/lib/jvm/java-7-openjdk-i386/jre/bin/java
08049000-0804a000 r--p 00000000 08:05 2788238    /usr/lib/jvm/java-7-openjdk-i386/jre/bin/java
0804a000-0804b000 rw-p 00001000 08:05 2788238    /usr/lib/jvm/java-7-openjdk-i386/jre/bin/java
09f43000-09f64000 rw-p 00000000 00:00 0          [heap]
892c2000-892e9000 rw-p 00000000 00:00 0 
892e9000-893c0000 r--s 013f2000 08:05 839499     /home/eagle/workspace/androidWS/targetLocationAndroid/platforms/android-19/android.jar
893c0000-8ae00000 rw-p 00000000 00:00 0 
8ae00000-8ae21000 rw-p 00000000 00:00 0 
8ae21000-8af00000 ---p 00000000 00:00 0 
8b000000-8b021000 rw-p 00000000 00:00 0 
8b021000-8b100000 ---p 00000000 00:00 0 
8b112000-8b113000 ---p 00000000 00:00 0 
8b113000-8b193000 rw-p 00000000 00:00 0          [stack:16108]
8b193000-8b194000 ---p 00000000 00:00 0 
8b194000-8b21c000 rw-p 00000000 00:00 0          [stack:16107]
8b21c000-8b254000 rw-p 00000000 00:00 0 
8b254000-8b25f000 rw-p 00000000 00:00 0 
8b25f000-8b2ff000 rw-p 00000000 00:00 0 
8b2ff000-8b307000 rw-p 00000000 00:00 0 
8b307000-8b33f000 rw-p 00000000 00:00 0 
8b33f000-8b34a000 rw-p 00000000 00:00 0 
8b34a000-8b3e9000 rw-p 00000000 00:00 0 
8b3e9000-8b3ef000 rw-p 00000000 00:00 0 
8b3ef000-8b43f000 rw-p 00000000 00:00 0 
8b43f000-8c440000 rw-p 00000000 00:00 0 
8c440000-93440000 rw-p 00000000 00:00 0 
93440000-94930000 rw-p 00000000 00:00 0 
94930000-a89a0000 rw-p 00000000 00:00 0 
a89a0000-a9410000 rw-p 00000000 00:00 0 
a9410000-b3440000 rw-p 00000000 00:00 0 
b3440000-b3449000 rw-p 00000000 00:00 0 
b3449000-b3500000 rw-p 00000000 00:00 0 
b3500000-b3740000 rwxp 00000000 00:00 0 
b3740000-b655c000 rw-p 00000000 00:00 0 
b655c000-b6600000 ---p 00000000 00:00 0 
b6646000-b6651000 r-xp 00000000 08:05 2232379    /lib/i386-linux-gnu/libnss_files-2.15.so
b6651000-b6652000 r--p 0000a000 08:05 2232379    /lib/i386-linux-gnu/libnss_files-2.15.so
b6652000-b6653000 rw-p 0000b000 08:05 2232379    /lib/i386-linux-gnu/libnss_files-2.15.so
b6653000-b665d000 r-xp 00000000 08:05 2232390    /lib/i386-linux-gnu/libnss_nis-2.15.so
b665d000-b665e000 r--p 00009000 08:05 2232390    /lib/i386-linux-gnu/libnss_nis-2.15.so
b665e000-b665f000 rw-p 0000a000 08:05 2232390    /lib/i386-linux-gnu/libnss_nis-2.15.so
b665f000-b6675000 r-xp 00000000 08:05 2232346    /lib/i386-linux-gnu/libnsl-2.15.so
b6675000-b6676000 r--p 00015000 08:05 2232346    /lib/i386-linux-gnu/libnsl-2.15.so
b6676000-b6677000 rw-p 00016000 08:05 2232346    /lib/i386-linux-gnu/libnsl-2.15.so
b6677000-b6679000 rw-p 00000000 00:00 0 
b6679000-b6680000 r-xp 00000000 08:05 2232385    /lib/i386-linux-gnu/libnss_compat-2.15.so
b6680000-b6681000 r--p 00006000 08:05 2232385    /lib/i386-linux-gnu/libnss_compat-2.15.so
b6681000-b6682000 rw-p 00007000 08:05 2232385    /lib/i386-linux-gnu/libnss_compat-2.15.so
b6688000-b6690000 r-xp 00000000 08:05 2788266    /usr/lib/jvm/java-7-openjdk-i386/jre/lib/i386/libzip.so
b6690000-b6691000 r--p 00007000 08:05 2788266    /usr/lib/jvm/java-7-openjdk-i386/jre/lib/i386/libzip.so
b6691000-b6692000 rw-p 00008000 08:05 2788266    /usr/lib/jvm/java-7-openjdk-i386/jre/lib/i386/libzip.so
b6692000-b669a000 rw-s 00000000 08:05 960705     /tmp/hsperfdata_eagle/16101
b669a000-b66c1000 r-xp 00000000 08:05 2788250    /usr/lib/jvm/java-7-openjdk-i386/jre/lib/i386/libjava.so
b66c1000-b66c2000 r--p 00026000 08:05 2788250    /usr/lib/jvm/java-7-openjdk-i386/jre/lib/i386/libjava.so
b66c2000-b66c3000 rw-p 00027000 08:05 2788250    /usr/lib/jvm/java-7-openjdk-i386/jre/lib/i386/libjava.so
b66c3000-b66ca000 r-xp 00000000 08:05 2232389    /lib/i386-linux-gnu/librt-2.15.so
b66ca000-b66cb000 r--p 00006000 08:05 2232389    /lib/i386-linux-gnu/librt-2.15.so
b66cb000-b66cc000 rw-p 00007000 08:05 2232389    /lib/i386-linux-gnu/librt-2.15.so
b66cc000-b66cf000 ---p 00000000 00:00 0 
b66cf000-b671d000 rw-p 00000000 00:00 0          [stack:16106]
b671d000-b6739000 r-xp 00000000 08:05 2228943    /lib/i386-linux-gnu/libgcc_s.so.1
b6739000-b673a000 r--p 0001b000 08:05 2228943    /lib/i386-linux-gnu/libgcc_s.so.1
b673a000-b673b000 rw-p 0001c000 08:05 2228943    /lib/i386-linux-gnu/libgcc_s.so.1
b673b000-b6765000 r-xp 00000000 08:05 2232383    /lib/i386-linux-gnu/libm-2.15.so
b6765000-b6766000 r--p 00029000 08:05 2232383    /lib/i386-linux-gnu/libm-2.15.so
b6766000-b6767000 rw-p 0002a000 08:05 2232383    /lib/i386-linux-gnu/libm-2.15.so
b6767000-b6843000 r-xp 00000000 08:05 2757916    /usr/lib/i386-linux-gnu/libstdc++.so.6.0.17
b6843000-b6844000 ---p 000dc000 08:05 2757916    /usr/lib/i386-linux-gnu/libstdc++.so.6.0.17
b6844000-b6848000 r--p 000dc000 08:05 2757916    /usr/lib/i386-linux-gnu/libstdc++.so.6.0.17
b6848000-b6849000 rw-p 000e0000 08:05 2757916    /usr/lib/i386-linux-gnu/libstdc++.so.6.0.17
b6849000-b6850000 rw-p 00000000 00:00 0 
b6850000-b713f000 r-xp 00000000 08:05 2788275    /usr/lib/jvm/java-7-openjdk-i386/jre/lib/i386/server/libjvm.so
b713f000-b7186000 r--p 008ee000 08:05 2788275    /usr/lib/jvm/java-7-openjdk-i386/jre/lib/i386/server/libjvm.so
b7186000-b719a000 rw-p 00935000 08:05 2788275    /usr/lib/jvm/java-7-openjdk-i386/jre/lib/i386/server/libjvm.so
b719a000-b75b8000 rw-p 00000000 00:00 0 
b75b8000-b75cf000 r-xp 00000000 08:05 2229052    /lib/i386-linux-gnu/libz.so.1.2.7
b75cf000-b75d0000 r--p 00016000 08:05 2229052    /lib/i386-linux-gnu/libz.so.1.2.7
b75d0000-b75d1000 rw-p 00017000 08:05 2229052    /lib/i386-linux-gnu/libz.so.1.2.7
b75d1000-b75e8000 r-xp 00000000 08:05 2232382    /lib/i386-linux-gnu/libpthread-2.15.so
b75e8000-b75e9000 r--p 00016000 08:05 2232382    /lib/i386-linux-gnu/libpthread-2.15.so
b75e9000-b75ea000 rw-p 00017000 08:05 2232382    /lib/i386-linux-gnu/libpthread-2.15.so
b75ea000-b75ec000 rw-p 00000000 00:00 0 
b75ec000-b75ef000 r-xp 00000000 08:05 2232372    /lib/i386-linux-gnu/libdl-2.15.so
b75ef000-b75f0000 r--p 00002000 08:05 2232372    /lib/i386-linux-gnu/libdl-2.15.so
b75f0000-b75f1000 rw-p 00003000 08:05 2232372    /lib/i386-linux-gnu/libdl-2.15.so
b75f1000-b7794000 r-xp 00000000 08:05 2232366    /lib/i386-linux-gnu/libc-2.15.so
b7794000-b7795000 ---p 001a3000 08:05 2232366    /lib/i386-linux-gnu/libc-2.15.so
b7795000-b7797000 r--p 001a3000 08:05 2232366    /lib/i386-linux-gnu/libc-2.15.so
b7797000-b7798000 rw-p 001a5000 08:05 2232366    /lib/i386-linux-gnu/libc-2.15.so
b7798000-b779b000 rw-p 00000000 00:00 0 
b77a1000-b77a2000 rw-p 00000000 00:00 0 
b77a2000-b77a3000 r--p 00000000 00:00 0 
b77a3000-b77b0000 r-xp 00000000 08:05 2788265    /usr/lib/jvm/java-7-openjdk-i386/jre/lib/i386/libverify.so
b77b0000-b77b1000 ---p 0000d000 08:05 2788265    /usr/lib/jvm/java-7-openjdk-i386/jre/lib/i386/libverify.so
b77b1000-b77b2000 r--p 0000d000 08:05 2788265    /usr/lib/jvm/java-7-openjdk-i386/jre/lib/i386/libverify.so
b77b2000-b77b3000 rw-p 0000e000 08:05 2788265    /usr/lib/jvm/java-7-openjdk-i386/jre/lib/i386/libverify.so
b77b3000-b77c0000 r-xp 00000000 08:05 2788253    /usr/lib/jvm/java-7-openjdk-i386/jre/lib/i386/jli/libjli.so
b77c0000-b77c1000 r--p 0000c000 08:05 2788253    /usr/lib/jvm/java-7-openjdk-i386/jre/lib/i386/jli/libjli.so
b77c1000-b77c2000 rw-p 0000d000 08:05 2788253    /usr/lib/jvm/java-7-openjdk-i386/jre/lib/i386/jli/libjli.so
b77c2000-b77c5000 rw-p 00000000 00:00 0 
b77c5000-b77c6000 r-xp 00000000 00:00 0          [vdso]
b77c6000-b77e6000 r-xp 00000000 08:05 2232388    /lib/i386-linux-gnu/ld-2.15.so
b77e6000-b77e7000 r--p 0001f000 08:05 2232388    /lib/i386-linux-gnu/ld-2.15.so
b77e7000-b77e8000 rw-p 00020000 08:05 2232388    /lib/i386-linux-gnu/ld-2.15.so
bfd32000-bfd53000 rw-p 00000000 00:00 0          [stack]

VM Arguments:
jvm_args: -Dfile.encoding=UTF-8 -Xbootclasspath:/home/eagle/workspace/androidWS/targetLocationAndroid/platforms/android-19/android.jar 
java_command: org.istic.mmm_likewaze.api.task.TestMap
Launcher Type: SUN_STANDARD

Environment Variables:
PATH=/usr/lib/lightdm/lightdm:/usr/local/sbin:/usr/local/bin:/usr/sbin:/usr/bin:/sbin:/bin:/usr/games:/usr/local/games:/home/eagle/Softwares/NODE/node-v0.10.20-linux-x86/bin:/home/eagle/Softwares/NODE/node_modules/npm/bin:/home/eagle/Softwares/NODE:/home/eagle/Softwares/NODE/node-v0.10.20-linux-x86/bin:/home/eagle/Softwares/NODE/node_modules/npm/bin:/home/eagle/Softwares/NODE
LD_LIBRARY_PATH=/usr/lib/jvm/java-7-openjdk-i386/jre/lib/i386/server:/usr/lib/jvm/java-7-openjdk-i386/jre/lib/i386:/usr/lib/jvm/java-7-openjdk-i386/jre/../lib/i386:/usr/lib/jvm/java-7-openjdk-i386/jre/lib/i386/client:/usr/lib/jvm/java-7-openjdk-i386/jre/lib/i386:
SHELL=/bin/bash
DISPLAY=:0.0

Signal Handlers:
SIGSEGV: [libjvm.so+0x7564a0], sa_mask[0]=0x7ffbfeff, sa_flags=0x10000004
SIGBUS: [libjvm.so+0x7564a0], sa_mask[0]=0x7ffbfeff, sa_flags=0x10000004
SIGFPE: [libjvm.so+0x5f2c10], sa_mask[0]=0x7ffbfeff, sa_flags=0x10000004
SIGPIPE: [libjvm.so+0x5f2c10], sa_mask[0]=0x7ffbfeff, sa_flags=0x10000004
SIGXFSZ: [libjvm.so+0x5f2c10], sa_mask[0]=0x7ffbfeff, sa_flags=0x10000004
SIGILL: [libjvm.so+0x5f2c10], sa_mask[0]=0x7ffbfeff, sa_flags=0x10000004
SIGUSR1: SIG_DFL, sa_mask[0]=0x00000000, sa_flags=0x00000000
SIGUSR2: [libjvm.so+0x5f2ac0], sa_mask[0]=0x00000004, sa_flags=0x10000004
SIGHUP: SIG_DFL, sa_mask[0]=0x00000000, sa_flags=0x00000000
SIGINT: SIG_DFL, sa_mask[0]=0x00000000, sa_flags=0x00000000
SIGTERM: SIG_DFL, sa_mask[0]=0x00000000, sa_flags=0x00000000
SIGQUIT: SIG_DFL, sa_mask[0]=0x00000000, sa_flags=0x00000000


---------------  S Y S T E M  ---------------

OS:Ubuntu 12.10 (quantal)
uname:Linux 3.5.0-34-generic #55-Ubuntu SMP Thu Jun 6 20:20:19 UTC 2013 i686
libc:glibc 2.15 NPTL 2.15 
rlimit: STACK 8192k, CORE 0k, NPROC 15938, NOFILE 4096, AS infinity
load average:0.82 0.52 0.54

/proc/meminfo:
MemTotal:        2055616 kB
MemFree:          135212 kB
Buffers:           86244 kB
Cached:           468284 kB
SwapCached:        34408 kB
Active:           816240 kB
Inactive:         979784 kB
Active(anon):     626640 kB
Inactive(anon):   780556 kB
Active(file):     189600 kB
Inactive(file):   199228 kB
Unevictable:       31196 kB
Mlocked:           31196 kB
HighTotal:       1173872 kB
HighFree:          14896 kB
LowTotal:         881744 kB
LowFree:          120316 kB
SwapTotal:       2084860 kB
SwapFree:        1670112 kB
Dirty:               272 kB
Writeback:             0 kB
AnonPages:       1263244 kB
Mapped:            92236 kB
Shmem:            159812 kB
Slab:              60340 kB
SReclaimable:      42060 kB
SUnreclaim:        18280 kB
KernelStack:        3952 kB
PageTables:        12140 kB
NFS_Unstable:          0 kB
Bounce:                0 kB
WritebackTmp:          0 kB
CommitLimit:     3112668 kB
Committed_AS:    4975756 kB
VmallocTotal:     122880 kB
VmallocUsed:       12836 kB
VmallocChunk:      45380 kB
HardwareCorrupted:     0 kB
AnonHugePages:         0 kB
HugePages_Total:       0
HugePages_Free:        0
HugePages_Rsvd:        0
HugePages_Surp:        0
Hugepagesize:       2048 kB
DirectMap4k:       10232 kB
DirectMap2M:      903168 kB


CPU:total 2 (2 cores per cpu, 1 threads per core) family 6 model 15 stepping 13, cmov, cx8, fxsr, mmx, sse, sse2, sse3, ssse3, tsc

/proc/cpuinfo:
processor	: 0
vendor_id	: GenuineIntel
cpu family	: 6
model		: 15
model name	: Intel(R) Core(TM)2 Duo CPU     T7100  @ 1.80GHz
stepping	: 13
microcode	: 0xa1
cpu MHz		: 1800.000
cache size	: 2048 KB
physical id	: 0
siblings	: 2
core id		: 0
cpu cores	: 2
apicid		: 0
initial apicid	: 0
fdiv_bug	: no
hlt_bug		: no
f00f_bug	: no
coma_bug	: no
fpu		: yes
fpu_exception	: yes
cpuid level	: 10
wp		: yes
flags		: fpu vme de pse tsc msr pae mce cx8 apic sep mtrr pge mca cmov pat pse36 clflush dts acpi mmx fxsr sse sse2 ss ht tm pbe nx lm constant_tsc arch_perfmon pebs bts aperfmperf pni dtes64 monitor ds_cpl vmx est tm2 ssse3 cx16 xtpr pdcm lahf_lm ida dtherm tpr_shadow vnmi flexpriority
bogomips	: 3590.87
clflush size	: 64
cache_alignment	: 64
address sizes	: 36 bits physical, 48 bits virtual
power management:

processor	: 1
vendor_id	: GenuineIntel
cpu family	: 6
model		: 15
model name	: Intel(R) Core(TM)2 Duo CPU     T7100  @ 1.80GHz
stepping	: 13
microcode	: 0xa1
cpu MHz		: 1801.000
cache size	: 2048 KB
physical id	: 0
siblings	: 2
core id		: 1
cpu cores	: 2
apicid		: 1
initial apicid	: 1
fdiv_bug	: no
hlt_bug		: no
f00f_bug	: no
coma_bug	: no
fpu		: yes
fpu_exception	: yes
cpuid level	: 10
wp		: yes
flags		: fpu vme de pse tsc msr pae mce cx8 apic sep mtrr pge mca cmov pat pse36 clflush dts acpi mmx fxsr sse sse2 ss ht tm pbe nx lm constant_tsc arch_perfmon pebs bts aperfmperf pni dtes64 monitor ds_cpl vmx est tm2 ssse3 cx16 xtpr pdcm lahf_lm ida dtherm tpr_shadow vnmi flexpriority
bogomips	: 3590.87
clflush size	: 64
cache_alignment	: 64
address sizes	: 36 bits physical, 48 bits virtual
power management:



Memory: 4k page, physical 2055616k(135088k free), swap 2084860k(1670112k free)

vm_info: OpenJDK Server VM (23.7-b01) for linux-x86 JRE (1.7.0_25-b30), built on Jul  3 2013 13:57:54 by "buildd" with gcc 4.7.2

time: Sat Feb  1 16:19:52 2014
elapsed time: 0 seconds

